Build started 10/15/2014 5:02:29 PM.
     1>Project "C:\Users\Christina\Desktop\ECE 496\VisionTutorialFA2014\PS3EyeDemo_C\PS3EyeDemo_C\PS3EyeDemo_C.vcxproj" on node 2 (Build target(s)).
     1>ClCompile:
         C:\Program Files (x86)\Microsoft Visual Studio 11.0\VC\bin\CL.exe /c /I"C:\Program Files (x86)\MATLAB\R2013a\extern\include" /I"C:\Users\Christina\Documents\CL-Eye Platform SDK\Include" /IC:\opencv\build\include\opencv /IC:\opencv\build\include /ZI /nologo /W3 /WX- /Od /Oy- /D WIN32 /D _DEBUG /D _CONSOLE /D _UNICODE /D UNICODE /Gm /EHsc /RTC1 /MDd /GS /fp:precise /Zc:wchar_t /Zc:forScope /Fo"Debug\\" /Fd"Debug\vc110.pdb" /Gd /TP /analyze- /errorReport:prompt PS3EyeDemo_C.cpp
         PS3EyeDemo_C.cpp
     1>c:\users\christina\documents\cl-eye platform sdk\include\opencv2\flann\logger.h(70): warning C4996: 'fopen': This function or variable may be unsafe. Consider using fopen_s instead. To disable deprecation, use _CRT_SECURE_NO_WARNINGS. See online help for details.
                 c:\program files (x86)\microsoft visual studio 11.0\vc\include\stdio.h(218) : see declaration of 'fopen'
     1>c:\users\christina\desktop\ece 496\visiontutorialfa2014\ps3eyedemo_c\ps3eyedemo_c\ps3eyedemo_c.cpp(72): warning C4101: 'EndTime' : unreferenced local variable
     1>c:\users\christina\desktop\ece 496\visiontutorialfa2014\ps3eyedemo_c\ps3eyedemo_c\ps3eyedemo_c.cpp(72): warning C4101: 'StartTime' : unreferenced local variable
     1>c:\users\christina\desktop\ece 496\visiontutorialfa2014\ps3eyedemo_c\ps3eyedemo_c\ps3eyedemo_c.cpp(199): warning C4244: 'argument' : conversion from 'double' to 'int', possible loss of data
     1>c:\users\christina\desktop\ece 496\visiontutorialfa2014\ps3eyedemo_c\ps3eyedemo_c\ps3eyedemo_c.cpp(364): warning C4996: 'sprintf': This function or variable may be unsafe. Consider using sprintf_s instead. To disable deprecation, use _CRT_SECURE_NO_WARNINGS. See online help for details.
                 c:\program files (x86)\microsoft visual studio 11.0\vc\include\stdio.h(357) : see declaration of 'sprintf'
     1>c:\users\christina\desktop\ece 496\visiontutorialfa2014\ps3eyedemo_c\ps3eyedemo_c\ps3eyedemo_c.cpp(367): warning C4996: 'sprintf': This function or variable may be unsafe. Consider using sprintf_s instead. To disable deprecation, use _CRT_SECURE_NO_WARNINGS. See online help for details.
                 c:\program files (x86)\microsoft visual studio 11.0\vc\include\stdio.h(357) : see declaration of 'sprintf'
     1>c:\users\christina\desktop\ece 496\visiontutorialfa2014\ps3eyedemo_c\ps3eyedemo_c\ps3eyedemo_c.cpp(371): warning C4996: 'sprintf': This function or variable may be unsafe. Consider using sprintf_s instead. To disable deprecation, use _CRT_SECURE_NO_WARNINGS. See online help for details.
                 c:\program files (x86)\microsoft visual studio 11.0\vc\include\stdio.h(357) : see declaration of 'sprintf'
     1>c:\users\christina\desktop\ece 496\visiontutorialfa2014\ps3eyedemo_c\ps3eyedemo_c\ps3eyedemo_c.cpp(173): warning C4101: 'erodeIM' : unreferenced local variable
       Link:
         C:\Program Files (x86)\Microsoft Visual Studio 11.0\VC\bin\link.exe /ERRORREPORT:PROMPT /OUT:"C:\Users\Christina\Desktop\ECE 496\VisionTutorialFA2014\PS3EyeDemo_C\Debug\PS3EyeDemo_C.exe" /INCREMENTAL /NOLOGO /LIBPATH:"C:\Program Files (x86)\MATLAB\R2013a\extern\lib\win32\microsoft" /LIBPATH:C:\opencv\build\x86\vc11\lib libmx.lib libmat.lib libeng.lib CLEyeMulticam.lib opencv_calib3d249d.lib opencv_contrib249d.lib opencv_core249d.lib opencv_features2d249d.lib opencv_flann249d.lib opencv_gpu249d.lib opencv_highgui249d.lib opencv_imgproc249d.lib opencv_legacy249d.lib opencv_ml249d.lib opencv_nonfree249d.lib opencv_objdetect249d.lib opencv_ocl249d.lib opencv_photo249d.lib opencv_stitching249d.lib opencv_superres249d.lib opencv_ts249d.lib opencv_video249d.lib opencv_videostab249d.lib kernel32.lib user32.lib gdi32.lib winspool.lib comdlg32.lib advapi32.lib shell32.lib ole32.lib oleaut32.lib uuid.lib odbc32.lib odbccp32.lib /MANIFEST /MANIFESTUAC:"level='asInvoker' uiAccess='false'" /manifest:embed /DEBUG /PDB:"C:\Users\Christina\Desktop\ECE 496\VisionTutorialFA2014\PS3EyeDemo_C\Debug\PS3EyeDemo_C.pdb" /SUBSYSTEM:CONSOLE /TLBID:1 /DYNAMICBASE /NXCOMPAT /IMPLIB:"C:\Users\Christina\Desktop\ECE 496\VisionTutorialFA2014\PS3EyeDemo_C\Debug\PS3EyeDemo_C.lib" /MACHINE:X86 Debug\PS3EyeDemo_C.obj
         Debug\stdafx.obj
         PS3EyeDemo_C.vcxproj -> C:\Users\Christina\Desktop\ECE 496\VisionTutorialFA2014\PS3EyeDemo_C\Debug\PS3EyeDemo_C.exe
     1>Done Building Project "C:\Users\Christina\Desktop\ECE 496\VisionTutorialFA2014\PS3EyeDemo_C\PS3EyeDemo_C\PS3EyeDemo_C.vcxproj" (Build target(s)).

Build succeeded.

Time Elapsed 00:00:10.93
